STEP to UG
! INFO-     NX STEP AP203 - V11.0
! INFO-      
! INFO-     Start of Translation: 14-NOV-2017  2:15:24 PM
! INFO-      
! STATUS-   Converting Part: C:\Users\jabbo\OneDrive\Documents\GitHub\ROCKSATX_2018\CAD\Mechanical\PDR\platelayoutCOMPDRv2.stp
! SUMMARY-   
! SUMMARY-    STEP Header Information
! SUMMARY-   
! SUMMARY-  Description      Unknown
! SUMMARY-  Imp_Level        2;1
! SUMMARY-  File_Name        platelayoutCOMPDRv2.stp
! SUMMARY-  Date             2017-11-07T15:30:04-05:00
! SUMMARY-  Author           Unknown
! SUMMARY-  Organization     Unknown
! SUMMARY-  Pre_Version      ST-DEVELOPER v16
! SUMMARY-  Orig_System      SIEMENS PLM Software NX 11.0
! SUMMARY-  Authorization    Unknown
! SUMMARY-  Schema_ID        automotive_design
! SUMMARY-   
! SUMMARY-    Summary of STEP Entities
! SUMMARY-   
! SUMMARY-  Entity Type                                                   Count
! SUMMARY-  -----------                                                   ------
! SUMMARY-  advanced_brep_shape_representation .........................:     27
! SUMMARY-  advanced_face ..............................................:   1281
! SUMMARY-  application_context ........................................:      1
! SUMMARY-  application_protocol_definition ............................:      1
! SUMMARY-  axis2_placement_3d .........................................:   2582
! SUMMARY-  b_spline_curve_with_knots ..................................:     32
! SUMMARY-  b_spline_curve_with_knots_and_rational_b_spline_curve ......:    124
! SUMMARY-  b_spline_surface_with_knots ................................:     11
! SUMMARY-  cartesian_point ............................................:   7705
! SUMMARY-  circle .....................................................:   1256
! SUMMARY-  closed_shell ...............................................:     29
! SUMMARY-  conical_surface ............................................:      3
! SUMMARY-  context_dependent_shape_representation .....................:     55
! SUMMARY-  conversion_based_unit_and_length_unit ......................:      1
! SUMMARY-  conversion_based_unit_and_plane_angle_unit .................:      1
! SUMMARY-  cylindrical_surface ........................................:    489
! SUMMARY-  dimensional_exponents ......................................:      2
! SUMMARY-  direction ..................................................:   6811
! SUMMARY-  edge_curve .................................................:   3059
! SUMMARY-  edge_loop ..................................................:   1904
! SUMMARY-  face_bound .................................................:    868
! SUMMARY-  face_outer_bound ...........................................:   1036
! SUMMARY-  geometric_representation_context_and_global_uncertainty_a ..:     33
! SUMMARY-  item_defined_transformation ................................:     55
! SUMMARY-  length_measure_with_unit ...................................:      1
! SUMMARY-  length_unit_and_si_unit ....................................:      1
! SUMMARY-  line .......................................................:   1647
! SUMMARY-  manifold_solid_brep ........................................:     29
! SUMMARY-  next_assembly_usage_occurrence .............................:     55
! SUMMARY-  oriented_edge ..............................................:   6118
! SUMMARY-  plane ......................................................:    646
! SUMMARY-  plane_angle_measure_with_unit ..............................:      1
! SUMMARY-  plane_angle_unit_and_si_unit ...............................:      1
! SUMMARY-  product ....................................................:     33
! SUMMARY-  product_context ............................................:     33
! SUMMARY-  product_definition .........................................:     33
! SUMMARY-  product_definition_context .................................:     33
! SUMMARY-  product_definition_formation_with_specified_source .........:     33
! SUMMARY-  product_definition_shape ...................................:     88
! SUMMARY-  product_related_product_category ...........................:     33
! SUMMARY-  representation_relationship_with_transformation_and_shape ..:     55
! SUMMARY-  shape_definition_representation ............................:     33
! SUMMARY-  shape_representation .......................................:     33
! SUMMARY-  shape_representation_relationship ..........................:     27
! SUMMARY-  si_unit_and_solid_angle_unit ...............................:      1
! SUMMARY-  spherical_surface ..........................................:      8
! SUMMARY-  toroidal_surface ...........................................:    124
! SUMMARY-  uncertainty_measure_with_unit ..............................:     33
! SUMMARY-  vector .....................................................:   1647
! SUMMARY-  vertex_point ...............................................:   2077
! SUMMARY-                                                               -------
! SUMMARY-  Total                                                          40189
! STATUS-    
! STATUS-   Converting to Output Form (Phase 2 of 3): 14-NOV-2017 2:15:25 PM
! STATUS-    
! STATUS-    
! STATUS-   Generating UG geometry and placing them in parts
! STATUS-    
! STATUS-   Creating the UG part (Phase 3 of 3): 14-NOV-2017  2:15:25 PM
! STATUS-    
! STATUS-   Creating UG solid body from Input Ent Id 1380
! STATUS-    
! STATUS-   simplifying Bsplines to analytics
! STATUS-    
! STATUS-   converting tolerant edges into exact edges
! STATUS-    
! STATUS-   doing final check of body to report any faults
! STATUS-    
! STATUS-    
! STATUS-   Creating UG solid body from Input Ent Id 1381
! STATUS-    
! STATUS-   simplifying Bsplines to analytics
! STATUS-    
! STATUS-   converting tolerant edges into exact edges
! STATUS-    
! STATUS-   doing final check of body to report any faults
! STATUS-    
! INFO-     Filing Part ..: C:\Users\jabbo\OneDrive\Documents\GitHub\ROCKSATX_2018\CAD\Mechanical\PDR\RaspberryPiZeroW631
! SUMMARY-   
! SUMMARY-  Summary of Unigraphics Part Entities
! SUMMARY-   
! SUMMARY-  Entities Processed             Count
! SUMMARY-  ------------------             -----
! SUMMARY-  Solid .......................:     2
! SUMMARY-                                 -----
! SUMMARY-  Total                              2
! STATUS-   Creating the UG part (Phase 3 of 3): 14-NOV-2017  2:15:25 PM
! STATUS-    
! STATUS-   Creating UG solid body from Input Ent Id 1382
! STATUS-    
! STATUS-   simplifying Bsplines to analytics
! STATUS-    
! STATUS-   converting tolerant edges into exact edges
! STATUS-    
! STATUS-   doing final check of body to report any faults
! STATUS-    
! INFO-     Filing Part ..: C:\Users\jabbo\OneDrive\Documents\GitHub\ROCKSATX_2018\CAD\Mechanical\PDR\datalogger630
! SUMMARY-   
! SUMMARY-  Summary of Unigraphics Part Entities
! SUMMARY-   
! SUMMARY-  Entities Processed             Count
! SUMMARY-  ------------------             -----
! SUMMARY-  Solid .......................:     1
! SUMMARY-                                 -----
! SUMMARY-  Total                              1
! STATUS-   Creating the UG part (Phase 3 of 3): 14-NOV-2017  2:15:25 PM
! STATUS-    
! STATUS-   Creating UG solid body from Input Ent Id 1383
! STATUS-    
! STATUS-   simplifying Bsplines to analytics
! STATUS-    
! STATUS-   converting tolerant edges into exact edges
! STATUS-    
! STATUS-   doing final check of body to report any faults
! STATUS-    
! INFO-     Filing Part ..: C:\Users\jabbo\OneDrive\Documents\GitHub\ROCKSATX_2018\CAD\Mechanical\PDR\Electronics Box V2503629
! SUMMARY-   
! SUMMARY-  Summary of Unigraphics Part Entities
! SUMMARY-   
! SUMMARY-  Entities Processed             Count
! SUMMARY-  ------------------             -----
! SUMMARY-  Solid .......................:     1
! SUMMARY-                                 -----
! SUMMARY-  Total                              1
! STATUS-   Creating the UG part (Phase 3 of 3): 14-NOV-2017  2:15:26 PM
! STATUS-    
! STATUS-   Creating UG solid body from Input Ent Id 1384
! STATUS-    
! STATUS-   simplifying Bsplines to analytics
! STATUS-    
! STATUS-   converting tolerant edges into exact edges
! STATUS-    
! STATUS-   doing final check of body to report any faults
! STATUS-    
! INFO-     Filing Part ..: C:\Users\jabbo\OneDrive\Documents\GitHub\ROCKSATX_2018\CAD\Mechanical\PDR\newerbox448628
! SUMMARY-   
! SUMMARY-  Summary of Unigraphics Part Entities
! SUMMARY-   
! SUMMARY-  Entities Processed             Count
! SUMMARY-  ------------------             -----
! SUMMARY-  Solid .......................:     1
! SUMMARY-                                 -----
! SUMMARY-  Total                              1
! STATUS-   Creating the UG part (Phase 3 of 3): 14-NOV-2017  2:15:26 PM
! STATUS-    
! STATUS-   Creating UG solid body from Input Ent Id 1385
! STATUS-    
! STATUS-   simplifying Bsplines to analytics
! STATUS-    
! STATUS-   converting tolerant edges into exact edges
! STATUS-    
! STATUS-   doing final check of body to report any faults
! STATUS-    
! INFO-     Filing Part ..: C:\Users\jabbo\OneDrive\Documents\GitHub\ROCKSATX_2018\CAD\Mechanical\PDR\new sunshade363486627
! SUMMARY-   
! SUMMARY-  Summary of Unigraphics Part Entities
! SUMMARY-   
! SUMMARY-  Entities Processed             Count
! SUMMARY-  ------------------             -----
! SUMMARY-  Solid .......................:     1
! SUMMARY-                                 -----
! SUMMARY-  Total                              1
! STATUS-   Creating the UG part (Phase 3 of 3): 14-NOV-2017  2:15:26 PM
! STATUS-    
! STATUS-   Creating UG solid body from Input Ent Id 1386
! STATUS-    
! STATUS-   simplifying Bsplines to analytics
! STATUS-    
! STATUS-   converting tolerant edges into exact edges
! STATUS-    
! STATUS-   doing final check of body to report any faults
! STATUS-    
! INFO-     Filing Part ..: C:\Users\jabbo\OneDrive\Documents\GitHub\ROCKSATX_2018\CAD\Mechanical\PDR\PayloadSA218485626
! SUMMARY-   
! SUMMARY-  Summary of Unigraphics Part Entities
! SUMMARY-   
! SUMMARY-  Entities Processed             Count
! SUMMARY-  ------------------             -----
! SUMMARY-  Solid .......................:     1
! SUMMARY-                                 -----
! SUMMARY-  Total                              1
! STATUS-   Creating the UG part (Phase 3 of 3): 14-NOV-2017  2:15:26 PM
! STATUS-    
! STATUS-   Creating UG solid body from Input Ent Id 1387
! STATUS-    
! STATUS-   simplifying Bsplines to analytics
! STATUS-    
! STATUS-   converting tolerant edges into exact edges
! STATUS-    
! STATUS-   doing final check of body to report any faults
! STATUS-    
! INFO-     Filing Part ..: C:\Users\jabbo\OneDrive\Documents\GitHub\ROCKSATX_2018\CAD\Mechanical\PDR\BasePlate (1)484625
! SUMMARY-   
! SUMMARY-  Summary of Unigraphics Part Entities
! SUMMARY-   
! SUMMARY-  Entities Processed             Count
! SUMMARY-  ------------------             -----
! SUMMARY-  Solid .......................:     1
! SUMMARY-                                 -----
! SUMMARY-  Total                              1
! STATUS-   Creating the UG part (Phase 3 of 3): 14-NOV-2017  2:15:26 PM
! STATUS-    
! STATUS-   Creating UG solid body from Input Ent Id 1400
! STATUS-    
! STATUS-   simplifying Bsplines to analytics
! STATUS-    
! STATUS-   converting tolerant edges into exact edges
! STATUS-    
! STATUS-   doing final check of body to report any faults
! STATUS-    
! INFO-     Filing Part ..: C:\Users\jabbo\OneDrive\Documents\GitHub\ROCKSATX_2018\CAD\Mechanical\PDR\holderhalf2464624
! SUMMARY-   
! SUMMARY-  Summary of Unigraphics Part Entities
! SUMMARY-   
! SUMMARY-  Entities Processed             Count
! SUMMARY-  ------------------             -----
! SUMMARY-  Solid .......................:     1
! SUMMARY-                                 -----
! SUMMARY-  Total                              1
! STATUS-   Creating the UG part (Phase 3 of 3): 14-NOV-2017  2:15:26 PM
! STATUS-    
! STATUS-   Creating UG solid body from Input Ent Id 1405
! STATUS-    
! STATUS-   simplifying Bsplines to analytics
! STATUS-    
! STATUS-   converting tolerant edges into exact edges
! STATUS-    
! STATUS-   doing final check of body to report any faults
! STATUS-    
! INFO-     Filing Part ..: C:\Users\jabbo\OneDrive\Documents\GitHub\ROCKSATX_2018\CAD\Mechanical\PDR\holderhalf463623
! SUMMARY-   
! SUMMARY-  Summary of Unigraphics Part Entities
! SUMMARY-   
! SUMMARY-  Entities Processed             Count
! SUMMARY-  ------------------             -----
! SUMMARY-  Solid .......................:     1
! SUMMARY-                                 -----
! SUMMARY-  Total                              1
! STATUS-   Creating the UG part (Phase 3 of 3): 14-NOV-2017  2:15:27 PM
! STATUS-    
! STATUS-   Creating UG solid body from Input Ent Id 1406
! STATUS-    
! STATUS-   simplifying Bsplines to analytics
! STATUS-    
! STATUS-   converting tolerant edges into exact edges
! STATUS-    
! STATUS-   doing final check of body to report any faults
! STATUS-    
! INFO-     Filing Part ..: C:\Users\jabbo\OneDrive\Documents\GitHub\ROCKSATX_2018\CAD\Mechanical\PDR\link_arm622
! SUMMARY-   
! SUMMARY-  Summary of Unigraphics Part Entities
! SUMMARY-   
! SUMMARY-  Entities Processed             Count
! SUMMARY-  ------------------             -----
! SUMMARY-  Solid .......................:     1
! SUMMARY-                                 -----
! SUMMARY-  Total                              1
! STATUS-   Creating the UG part (Phase 3 of 3): 14-NOV-2017  2:15:27 PM
! STATUS-    
! STATUS-   Creating UG solid body from Input Ent Id 1407
! STATUS-    
! STATUS-   simplifying Bsplines to analytics
! STATUS-    
! STATUS-   converting tolerant edges into exact edges
! STATUS-    
! STATUS-   doing final check of body to report any faults
! STATUS-    
! INFO-     Filing Part ..: C:\Users\jabbo\OneDrive\Documents\GitHub\ROCKSATX_2018\CAD\Mechanical\PDR\shaker_disk621
! SUMMARY-   
! SUMMARY-  Summary of Unigraphics Part Entities
! SUMMARY-   
! SUMMARY-  Entities Processed             Count
! SUMMARY-  ------------------             -----
! SUMMARY-  Solid .......................:     1
! SUMMARY-                                 -----
! SUMMARY-  Total                              1
! STATUS-   Creating the UG part (Phase 3 of 3): 14-NOV-2017  2:15:27 PM
! STATUS-    
! STATUS-   Creating UG solid body from Input Ent Id 1408
! STATUS-    
! STATUS-   simplifying Bsplines to analytics
! STATUS-    
! STATUS-   converting tolerant edges into exact edges
! STATUS-    
! STATUS-   doing final check of body to report any faults
! STATUS-    
! INFO-     Filing Part ..: C:\Users\jabbo\OneDrive\Documents\GitHub\ROCKSATX_2018\CAD\Mechanical\PDR\Shaker_motor620
! SUMMARY-   
! SUMMARY-  Summary of Unigraphics Part Entities
! SUMMARY-   
! SUMMARY-  Entities Processed             Count
! SUMMARY-  ------------------             -----
! SUMMARY-  Solid .......................:     1
! SUMMARY-                                 -----
! SUMMARY-  Total                              1
! STATUS-   Creating the UG part (Phase 3 of 3): 14-NOV-2017  2:15:27 PM
! STATUS-    
! STATUS-   Creating UG solid body from Input Ent Id 1390
! STATUS-    
! STATUS-   simplifying Bsplines to analytics
! STATUS-    
! STATUS-   converting tolerant edges into exact edges
! STATUS-    
! STATUS-   doing final check of body to report any faults
! STATUS-    
! INFO-     Filing Part ..: C:\Users\jabbo\OneDrive\Documents\GitHub\ROCKSATX_2018\CAD\Mechanical\PDR\test_tube482619
! SUMMARY-   
! SUMMARY-  Summary of Unigraphics Part Entities
! SUMMARY-   
! SUMMARY-  Entities Processed             Count
! SUMMARY-  ------------------             -----
! SUMMARY-  Solid .......................:     1
! SUMMARY-                                 -----
! SUMMARY-  Total                              1
! STATUS-   Creating the UG part (Phase 3 of 3): 14-NOV-2017  2:15:27 PM
! STATUS-    
! STATUS-   Creating UG solid body from Input Ent Id 1391
! STATUS-    
! STATUS-   fixing vertex and/or edge off surface faults
! STATUS-    
! STATUS-   simplifying Bsplines to analytics
! STATUS-    
! STATUS-   converting tolerant edges into exact edges
! STATUS-    
! STATUS-   doing final check of body to report any faults
! STATUS-    
! INFO-     Filing Part ..: C:\Users\jabbo\OneDrive\Documents\GitHub\ROCKSATX_2018\CAD\Mechanical\PDR\slide rod481618
! SUMMARY-   
! SUMMARY-  Summary of Unigraphics Part Entities
! SUMMARY-   
! SUMMARY-  Entities Processed             Count
! SUMMARY-  ------------------             -----
! SUMMARY-  Solid .......................:     1
! SUMMARY-                                 -----
! SUMMARY-  Total                              1
! STATUS-   Creating the UG part (Phase 3 of 3): 14-NOV-2017  2:15:27 PM
! STATUS-    
! STATUS-   Creating UG solid body from Input Ent Id 1392
! STATUS-    
! STATUS-   simplifying Bsplines to analytics
! STATUS-    
! STATUS-   converting tolerant edges into exact edges
! STATUS-    
! STATUS-   doing final check of body to report any faults
! STATUS-    
! INFO-     Filing Part ..: C:\Users\jabbo\OneDrive\Documents\GitHub\ROCKSATX_2018\CAD\Mechanical\PDR\rod_holder480617
! SUMMARY-   
! SUMMARY-  Summary of Unigraphics Part Entities
! SUMMARY-   
! SUMMARY-  Entities Processed             Count
! SUMMARY-  ------------------             -----
! SUMMARY-  Solid .......................:     1
! SUMMARY-                                 -----
! SUMMARY-  Total                              1
! STATUS-   Creating the UG part (Phase 3 of 3): 14-NOV-2017  2:15:27 PM
! STATUS-    
! STATUS-   Creating UG solid body from Input Ent Id 1393
! STATUS-    
! STATUS-   simplifying Bsplines to analytics
! STATUS-    
! STATUS-   converting tolerant edges into exact edges
! STATUS-    
! STATUS-   doing final check of body to report any faults
! STATUS-    
! INFO-     Filing Part ..: C:\Users\jabbo\OneDrive\Documents\GitHub\ROCKSATX_2018\CAD\Mechanical\PDR\siliconbacking616
! SUMMARY-   
! SUMMARY-  Summary of Unigraphics Part Entities
! SUMMARY-   
! SUMMARY-  Entities Processed             Count
! SUMMARY-  ------------------             -----
! SUMMARY-  Solid .......................:     1
! SUMMARY-                                 -----
! SUMMARY-  Total                              1
! STATUS-   Creating the UG part (Phase 3 of 3): 14-NOV-2017  2:15:28 PM
! STATUS-    
! STATUS-   Creating UG solid body from Input Ent Id 1399
! STATUS-    
! STATUS-   simplifying Bsplines to analytics
! STATUS-    
! STATUS-   converting tolerant edges into exact edges
! STATUS-    
! STATUS-   doing final check of body to report any faults
! STATUS-    
! INFO-     Filing Part ..: C:\Users\jabbo\OneDrive\Documents\GitHub\ROCKSATX_2018\CAD\Mechanical\PDR\RasPi_Camera_Board489615
! SUMMARY-   
! SUMMARY-  Summary of Unigraphics Part Entities
! SUMMARY-   
! SUMMARY-  Entities Processed             Count
! SUMMARY-  ------------------             -----
! SUMMARY-  Solid .......................:     1
! SUMMARY-                                 -----
! SUMMARY-  Total                              1
! STATUS-   Creating the UG part (Phase 3 of 3): 14-NOV-2017  2:15:28 PM
! STATUS-    
! STATUS-   Creating UG solid body from Input Ent Id 1401
! STATUS-    
! STATUS-   simplifying Bsplines to analytics
! STATUS-    
! STATUS-   converting tolerant edges into exact edges
! STATUS-    
! STATUS-   doing final check of body to report any faults
! STATUS-    
! INFO-     Filing Part ..: C:\Users\jabbo\OneDrive\Documents\GitHub\ROCKSATX_2018\CAD\Mechanical\PDR\End Effector V3479614
! SUMMARY-   
! SUMMARY-  Summary of Unigraphics Part Entities
! SUMMARY-   
! SUMMARY-  Entities Processed             Count
! SUMMARY-  ------------------             -----
! SUMMARY-  Solid .......................:     1
! SUMMARY-                                 -----
! SUMMARY-  Total                              1
! STATUS-   Creating the UG part (Phase 3 of 3): 14-NOV-2017  2:15:28 PM
! STATUS-    
! STATUS-   Creating UG solid body from Input Ent Id 1402
! STATUS-    
! STATUS-   simplifying Bsplines to analytics
! STATUS-    
! STATUS-   converting tolerant edges into exact edges
! STATUS-    
! STATUS-   doing final check of body to report any faults
! STATUS-    
! INFO-     Filing Part ..: C:\Users\jabbo\OneDrive\Documents\GitHub\ROCKSATX_2018\CAD\Mechanical\PDR\Pitch Motor Housing V281478613
! SUMMARY-   
! SUMMARY-  Summary of Unigraphics Part Entities
! SUMMARY-   
! SUMMARY-  Entities Processed             Count
! SUMMARY-  ------------------             -----
! SUMMARY-  Solid .......................:     1
! SUMMARY-                                 -----
! SUMMARY-  Total                              1
! STATUS-   Creating the UG part (Phase 3 of 3): 14-NOV-2017  2:15:28 PM
! STATUS-    
! STATUS-   Creating UG solid body from Input Ent Id 1403
! STATUS-    
! STATUS-   simplifying Bsplines to analytics
! STATUS-    
! STATUS-   converting tolerant edges into exact edges
! STATUS-    
! STATUS-   doing final check of body to report any faults
! STATUS-    
! INFO-     Filing Part ..: C:\Users\jabbo\OneDrive\Documents\GitHub\ROCKSATX_2018\CAD\Mechanical\PDR\Motor End Cover444612
! SUMMARY-   
! SUMMARY-  Summary of Unigraphics Part Entities
! SUMMARY-   
! SUMMARY-  Entities Processed             Count
! SUMMARY-  ------------------             -----
! SUMMARY-  Solid .......................:     1
! SUMMARY-                                 -----
! SUMMARY-  Total                              1
! STATUS-   Creating the UG part (Phase 3 of 3): 14-NOV-2017  2:15:28 PM
! STATUS-    
! STATUS-   Creating UG solid body from Input Ent Id 1404
! STATUS-    
! STATUS-   fixing vertex and/or edge off surface faults
! STATUS-    
! STATUS-   simplifying Bsplines to analytics
! STATUS-    
! STATUS-   converting tolerant edges into exact edges
! STATUS-    
! STATUS-   doing final check of body to report any faults
! STATUS-    
! INFO-     Filing Part ..: C:\Users\jabbo\OneDrive\Documents\GitHub\ROCKSATX_2018\CAD\Mechanical\PDR\Central Housing445611
! SUMMARY-   
! SUMMARY-  Summary of Unigraphics Part Entities
! SUMMARY-   
! SUMMARY-  Entities Processed             Count
! SUMMARY-  ------------------             -----
! SUMMARY-  Solid .......................:     1
! SUMMARY-                                 -----
! SUMMARY-  Total                              1
! STATUS-   Creating the UG part (Phase 3 of 3): 14-NOV-2017  2:15:28 PM
! STATUS-    
! STATUS-   Creating UG solid body from Input Ent Id 1388
! STATUS-    
! STATUS-   simplifying Bsplines to analytics
! STATUS-    
! STATUS-   converting tolerant edges into exact edges
! STATUS-    
! STATUS-   doing final check of body to report any faults
! STATUS-    
! INFO-     Filing Part ..: C:\Users\jabbo\OneDrive\Documents\GitHub\ROCKSATX_2018\CAD\Mechanical\PDR\bearing holder473610
! SUMMARY-   
! SUMMARY-  Summary of Unigraphics Part Entities
! SUMMARY-   
! SUMMARY-  Entities Processed             Count
! SUMMARY-  ------------------             -----
! SUMMARY-  Solid .......................:     1
! SUMMARY-                                 -----
! SUMMARY-  Total                              1
! STATUS-   Creating the UG part (Phase 3 of 3): 14-NOV-2017  2:15:29 PM
! STATUS-    
! STATUS-   Creating UG solid body from Input Ent Id 1389
! STATUS-    
! STATUS-   fixing vertex off curve and/or edge reversed faults
! STATUS-    
! STATUS-   fixing vertex and/or edge off surface faults
! STATUS-    
! STATUS-   simplifying Bsplines to analytics
! STATUS-    
! STATUS-   converting tolerant edges into exact edges
! STATUS-    
! STATUS-   doing final check of body to report any faults
! STATUS-    
! INFO-     Filing Part ..: C:\Users\jabbo\OneDrive\Documents\GitHub\ROCKSATX_2018\CAD\Mechanical\PDR\tubeholderbase2472609
! SUMMARY-   
! SUMMARY-  Summary of Unigraphics Part Entities
! SUMMARY-   
! SUMMARY-  Entities Processed             Count
! SUMMARY-  ------------------             -----
! SUMMARY-  Solid .......................:     1
! SUMMARY-                                 -----
! SUMMARY-  Total                              1
! STATUS-   Creating the UG part (Phase 3 of 3): 14-NOV-2017  2:15:29 PM
! STATUS-    
! STATUS-   Creating UG solid body from Input Ent Id 1394
! STATUS-    
! STATUS-   simplifying Bsplines to analytics
! STATUS-    
! STATUS-   converting tolerant edges into exact edges
! STATUS-    
! STATUS-   doing final check of body to report any faults
! STATUS-    
! STATUS-    
! STATUS-   Creating UG solid body from Input Ent Id 1395
! STATUS-    
! STATUS-   simplifying Bsplines to analytics
! STATUS-    
! STATUS-   converting tolerant edges into exact edges
! STATUS-    
! STATUS-   doing final check of body to report any faults
! STATUS-    
! INFO-     Filing Part ..: C:\Users\jabbo\OneDrive\Documents\GitHub\ROCKSATX_2018\CAD\Mechanical\PDR\OVA5647_Pigtail486608
! SUMMARY-   
! SUMMARY-  Summary of Unigraphics Part Entities
! SUMMARY-   
! SUMMARY-  Entities Processed             Count
! SUMMARY-  ------------------             -----
! SUMMARY-  Solid .......................:     2
! SUMMARY-                                 -----
! SUMMARY-  Total                              2
! STATUS-   Creating the UG part (Phase 3 of 3): 14-NOV-2017  2:15:29 PM
! STATUS-    
! STATUS-   Creating UG solid body from Input Ent Id 1396
! STATUS-    
! STATUS-   simplifying Bsplines to analytics
! STATUS-    
! STATUS-   converting tolerant edges into exact edges
! STATUS-    
! STATUS-   doing final check of body to report any faults
! STATUS-    
! INFO-     Filing Part ..: C:\Users\jabbo\OneDrive\Documents\GitHub\ROCKSATX_2018\CAD\Mechanical\PDR\OVA5647_IR-Glas485607
! SUMMARY-   
! SUMMARY-  Summary of Unigraphics Part Entities
! SUMMARY-   
! SUMMARY-  Entities Processed             Count
! SUMMARY-  ------------------             -----
! SUMMARY-  Solid .......................:     1
! SUMMARY-                                 -----
! SUMMARY-  Total                              1
! STATUS-   Creating the UG part (Phase 3 of 3): 14-NOV-2017  2:15:29 PM
! STATUS-    
! STATUS-   Creating UG solid body from Input Ent Id 1397
! STATUS-    
! STATUS-   simplifying Bsplines to analytics
! STATUS-    
! STATUS-   converting tolerant edges into exact edges
! STATUS-    
! STATUS-   doing final check of body to report any faults
! STATUS-    
! INFO-     Filing Part ..: C:\Users\jabbo\OneDrive\Documents\GitHub\ROCKSATX_2018\CAD\Mechanical\PDR\OVA5647_Housing484606
! SUMMARY-   
! SUMMARY-  Summary of Unigraphics Part Entities
! SUMMARY-   
! SUMMARY-  Entities Processed             Count
! SUMMARY-  ------------------             -----
! SUMMARY-  Solid .......................:     1
! SUMMARY-                                 -----
! SUMMARY-  Total                              1
! STATUS-   Creating the UG part (Phase 3 of 3): 14-NOV-2017  2:15:29 PM
! STATUS-    
! STATUS-   Creating UG solid body from Input Ent Id 1398
! STATUS-    
! STATUS-   simplifying Bsplines to analytics
! STATUS-    
! STATUS-   converting tolerant edges into exact edges
! STATUS-    
! STATUS-   doing final check of body to report any faults
! STATUS-    
! INFO-     Filing Part ..: C:\Users\jabbo\OneDrive\Documents\GitHub\ROCKSATX_2018\CAD\Mechanical\PDR\OVA5647483605
! SUMMARY-   
! SUMMARY-  Summary of Unigraphics Part Entities
! SUMMARY-   
! SUMMARY-  Entities Processed             Count
! SUMMARY-  ------------------             -----
! SUMMARY-  Solid .......................:     1
! SUMMARY-                                 -----
! SUMMARY-  Total                              1
! STATUS-   Creating the UG part (Phase 3 of 3): 14-NOV-2017  2:15:30 PM
! INFO-     Filing Part ..: C:\Users\jabbo\OneDrive\Documents\GitHub\ROCKSATX_2018\CAD\Mechanical\PDR\SCAMP To Scale_stp455632
! SUMMARY-   
! SUMMARY-  Summary of Unigraphics Part Entities
! SUMMARY-   
! SUMMARY-  Entities Processed             Count
! SUMMARY-  ------------------             -----
! SUMMARY-  Component ...................:     4
! SUMMARY-                                 -----
! SUMMARY-  Total                              4
! STATUS-   Creating the UG part (Phase 3 of 3): 14-NOV-2017  2:15:30 PM
! INFO-     Filing Part ..: C:\Users\jabbo\OneDrive\Documents\GitHub\ROCKSATX_2018\CAD\Mechanical\PDR\OVA5647_FOV504633
! SUMMARY-   
! SUMMARY-  Summary of Unigraphics Part Entities
! SUMMARY-   
! SUMMARY-  Entities Processed             Count
! SUMMARY-  ------------------             -----
! SUMMARY-  Component ...................:     4
! SUMMARY-                                 -----
! SUMMARY-  Total                              4
! STATUS-   Creating the UG part (Phase 3 of 3): 14-NOV-2017  2:15:30 PM
! INFO-     Filing Part ..: C:\Users\jabbo\OneDrive\Documents\GitHub\ROCKSATX_2018\CAD\Mechanical\PDR\PiCamwithsilicon634
! SUMMARY-   
! SUMMARY-  Summary of Unigraphics Part Entities
! SUMMARY-   
! SUMMARY-  Entities Processed             Count
! SUMMARY-  ------------------             -----
! SUMMARY-  Component ...................:     3
! SUMMARY-                                 -----
! SUMMARY-  Total                              3
! STATUS-   Creating the UG part (Phase 3 of 3): 14-NOV-2017  2:15:30 PM
! INFO-     Filing Part ..: C:\Users\jabbo\OneDrive\Documents\GitHub\ROCKSATX_2018\CAD\Mechanical\PDR\tubeholder491635
! SUMMARY-   
! SUMMARY-  Summary of Unigraphics Part Entities
! SUMMARY-   
! SUMMARY-  Entities Processed             Count
! SUMMARY-  ------------------             -----
! SUMMARY-  Component ...................:     5
! SUMMARY-                                 -----
! SUMMARY-  Total                              5
! STATUS-   Creating the UG part (Phase 3 of 3): 14-NOV-2017  2:15:30 PM
! INFO-     Filing Part ..: C:\Users\jabbo\OneDrive\Documents\GitHub\ROCKSATX_2018\CAD\Mechanical\PDR\shakerwithrods369492636
! SUMMARY-   
! SUMMARY-  Summary of Unigraphics Part Entities
! SUMMARY-   
! SUMMARY-  Entities Processed             Count
! SUMMARY-  ------------------             -----
! SUMMARY-  Component ...................:     8
! SUMMARY-                                 -----
! SUMMARY-  Total                              8
! STATUS-   Creating the UG part (Phase 3 of 3): 14-NOV-2017  2:15:31 PM
! INFO-     Filing Part ..: C:\Users\jabbo\OneDrive\Documents\GitHub\ROCKSATX_2018\CAD\Mechanical\PDR\platelayoutCOMPDRv2_stp.prt
! SUMMARY-   
! SUMMARY-  Summary of Unigraphics Part Entities
! SUMMARY-   
! SUMMARY-  Entities Processed             Count
! SUMMARY-  ------------------             -----
! SUMMARY-  Component ...................:    31
! SUMMARY-                                 -----
! SUMMARY-  Total                             31
! INFO-      
! INFO-     Total number of solids input for this translation       :        29
! INFO-      
! INFO-     Number of solids created without body validation faults :        29
! INFO-      
! INFO-     Number of solids created with body validation fault(s)  :         0
! INFO-      
! INFO-     Number of solids ending up as sheet bodies              :         0
! INFO-      
! INFO-     End of Translation: 14-NOV-2017  2:15:31 PM
! INFO-      
