STEP to UG
! INFO-     NX STEP AP203 - V11.0
! INFO-      
! INFO-     Start of Translation: 10-NOV-2017  3:47:42 PM
! INFO-      
! STATUS-   Converting Part: C:\Users\jabbo\OneDrive\Documents\GitHub\ROCKSATX_2018\CAD\Mechanical\PDR\platelayoutCOMPDRV3.stp
! SUMMARY-   
! SUMMARY-    STEP Header Information
! SUMMARY-   
! SUMMARY-  Description      Unknown
! SUMMARY-  Imp_Level        2;1
! SUMMARY-  File_Name        platelayoutCOMPDRV3.stp
! SUMMARY-  Date             2017-11-07T16:45:18-05:00
! SUMMARY-  Author           Unknown
! SUMMARY-  Organization     Unknown
! SUMMARY-  Pre_Version      ST-DEVELOPER v16
! SUMMARY-  Orig_System      SIEMENS PLM Software NX 11.0
! SUMMARY-  Authorization    Unknown
! SUMMARY-  Schema_ID        automotive_design
! SUMMARY-   
! SUMMARY-    Summary of STEP Entities
! SUMMARY-   
! SUMMARY-  Entity Type                                                   Count
! SUMMARY-  -----------                                                   ------
! SUMMARY-  advanced_brep_shape_representation .........................:     28
! SUMMARY-  advanced_face ..............................................:   1287
! SUMMARY-  application_context ........................................:      1
! SUMMARY-  application_protocol_definition ............................:      1
! SUMMARY-  axis2_placement_3d .........................................:   2590
! SUMMARY-  b_spline_curve_with_knots ..................................:     32
! SUMMARY-  b_spline_curve_with_knots_and_rational_b_spline_curve ......:    124
! SUMMARY-  b_spline_surface_with_knots ................................:     11
! SUMMARY-  cartesian_point ............................................:   7733
! SUMMARY-  circle .....................................................:   1256
! SUMMARY-  closed_shell ...............................................:     30
! SUMMARY-  conical_surface ............................................:      3
! SUMMARY-  context_dependent_shape_representation .....................:     57
! SUMMARY-  conversion_based_unit_and_length_unit ......................:      1
! SUMMARY-  conversion_based_unit_and_plane_angle_unit .................:      1
! SUMMARY-  cylindrical_surface ........................................:    489
! SUMMARY-  dimensional_exponents ......................................:      2
! SUMMARY-  direction ..................................................:   6839
! SUMMARY-  edge_curve .................................................:   3071
! SUMMARY-  edge_loop ..................................................:   1910
! SUMMARY-  face_bound .................................................:    868
! SUMMARY-  face_outer_bound ...........................................:   1042
! SUMMARY-  geometric_representation_context_and_global_uncertainty_a ..:     34
! SUMMARY-  item_defined_transformation ................................:     57
! SUMMARY-  length_measure_with_unit ...................................:      1
! SUMMARY-  length_unit_and_si_unit ....................................:      1
! SUMMARY-  line .......................................................:   1659
! SUMMARY-  manifold_solid_brep ........................................:     30
! SUMMARY-  next_assembly_usage_occurrence .............................:     57
! SUMMARY-  oriented_edge ..............................................:   6142
! SUMMARY-  plane ......................................................:    652
! SUMMARY-  plane_angle_measure_with_unit ..............................:      1
! SUMMARY-  plane_angle_unit_and_si_unit ...............................:      1
! SUMMARY-  product ....................................................:     34
! SUMMARY-  product_context ............................................:     34
! SUMMARY-  product_definition .........................................:     34
! SUMMARY-  product_definition_context .................................:     34
! SUMMARY-  product_definition_formation_with_specified_source .........:     34
! SUMMARY-  product_definition_shape ...................................:     91
! SUMMARY-  product_related_product_category ...........................:     34
! SUMMARY-  representation_relationship_with_transformation_and_shape ..:     57
! SUMMARY-  shape_definition_representation ............................:     34
! SUMMARY-  shape_representation .......................................:     34
! SUMMARY-  shape_representation_relationship ..........................:     28
! SUMMARY-  si_unit_and_solid_angle_unit ...............................:      1
! SUMMARY-  spherical_surface ..........................................:      8
! SUMMARY-  toroidal_surface ...........................................:    124
! SUMMARY-  uncertainty_measure_with_unit ..............................:     34
! SUMMARY-  vector .....................................................:   1659
! SUMMARY-  vertex_point ...............................................:   2085
! SUMMARY-                                                               -------
! SUMMARY-  Total                                                          40370
! STATUS-    
! STATUS-   Converting to Output Form (Phase 2 of 3): 10-NOV-2017 3:47:42 PM
! STATUS-    
! STATUS-    
! STATUS-   Generating UG geometry and placing them in parts
! STATUS-    
! STATUS-   Creating the UG part (Phase 3 of 3): 10-NOV-2017  3:47:42 PM
! STATUS-    
! STATUS-   Creating UG solid body from Input Ent Id 4029
! STATUS-    
! STATUS-   simplifying Bsplines to analytics
! STATUS-    
! STATUS-   converting tolerant edges into exact edges
! STATUS-    
! STATUS-   doing final check of body to report any faults
! STATUS-    
! INFO-     Filing Part ..: C:\Users\jabbo\OneDrive\Documents\GitHub\ROCKSATX_2018\CAD\Mechanical\PDR\Electronics Box V2503652
! SUMMARY-   
! SUMMARY-  Summary of Unigraphics Part Entities
! SUMMARY-   
! SUMMARY-  Entities Processed             Count
! SUMMARY-  ------------------             -----
! SUMMARY-  Solid .......................:     1
! SUMMARY-                                 -----
! SUMMARY-  Total                              1
! STATUS-   Creating the UG part (Phase 3 of 3): 10-NOV-2017  3:47:45 PM
! STATUS-    
! STATUS-   Creating UG solid body from Input Ent Id 4030
! STATUS-    
! STATUS-   simplifying Bsplines to analytics
! STATUS-    
! STATUS-   converting tolerant edges into exact edges
! STATUS-    
! STATUS-   doing final check of body to report any faults
! STATUS-    
! INFO-     Filing Part ..: C:\Users\jabbo\OneDrive\Documents\GitHub\ROCKSATX_2018\CAD\Mechanical\PDR\newerbox448651
! SUMMARY-   
! SUMMARY-  Summary of Unigraphics Part Entities
! SUMMARY-   
! SUMMARY-  Entities Processed             Count
! SUMMARY-  ------------------             -----
! SUMMARY-  Solid .......................:     1
! SUMMARY-                                 -----
! SUMMARY-  Total                              1
! STATUS-   Creating the UG part (Phase 3 of 3): 10-NOV-2017  3:47:46 PM
! STATUS-    
! STATUS-   Creating UG solid body from Input Ent Id 4031
! STATUS-    
! STATUS-   simplifying Bsplines to analytics
! STATUS-    
! STATUS-   converting tolerant edges into exact edges
! STATUS-    
! STATUS-   doing final check of body to report any faults
! STATUS-    
! INFO-     Filing Part ..: C:\Users\jabbo\OneDrive\Documents\GitHub\ROCKSATX_2018\CAD\Mechanical\PDR\new sunshade363486650
! SUMMARY-   
! SUMMARY-  Summary of Unigraphics Part Entities
! SUMMARY-   
! SUMMARY-  Entities Processed             Count
! SUMMARY-  ------------------             -----
! SUMMARY-  Solid .......................:     1
! SUMMARY-                                 -----
! SUMMARY-  Total                              1
! STATUS-   Creating the UG part (Phase 3 of 3): 10-NOV-2017  3:47:46 PM
! STATUS-    
! STATUS-   Creating UG solid body from Input Ent Id 4032
! STATUS-    
! STATUS-   simplifying Bsplines to analytics
! STATUS-    
! STATUS-   converting tolerant edges into exact edges
! STATUS-    
! STATUS-   doing final check of body to report any faults
! STATUS-    
! INFO-     Filing Part ..: C:\Users\jabbo\OneDrive\Documents\GitHub\ROCKSATX_2018\CAD\Mechanical\PDR\PayloadSA218485649
! SUMMARY-   
! SUMMARY-  Summary of Unigraphics Part Entities
! SUMMARY-   
! SUMMARY-  Entities Processed             Count
! SUMMARY-  ------------------             -----
! SUMMARY-  Solid .......................:     1
! SUMMARY-                                 -----
! SUMMARY-  Total                              1
! STATUS-   Creating the UG part (Phase 3 of 3): 10-NOV-2017  3:47:46 PM
! STATUS-    
! STATUS-   Creating UG solid body from Input Ent Id 4033
! STATUS-    
! STATUS-   simplifying Bsplines to analytics
! STATUS-    
! STATUS-   converting tolerant edges into exact edges
! STATUS-    
! STATUS-   doing final check of body to report any faults
! STATUS-    
! INFO-     Filing Part ..: C:\Users\jabbo\OneDrive\Documents\GitHub\ROCKSATX_2018\CAD\Mechanical\PDR\BasePlate (1)484648
! SUMMARY-   
! SUMMARY-  Summary of Unigraphics Part Entities
! SUMMARY-   
! SUMMARY-  Entities Processed             Count
! SUMMARY-  ------------------             -----
! SUMMARY-  Solid .......................:     1
! SUMMARY-                                 -----
! SUMMARY-  Total                              1
! STATUS-   Creating the UG part (Phase 3 of 3): 10-NOV-2017  3:47:46 PM
! STATUS-    
! STATUS-   Creating UG solid body from Input Ent Id 4046
! STATUS-    
! STATUS-   simplifying Bsplines to analytics
! STATUS-    
! STATUS-   converting tolerant edges into exact edges
! STATUS-    
! STATUS-   doing final check of body to report any faults
! STATUS-    
! INFO-     Filing Part ..: C:\Users\jabbo\OneDrive\Documents\GitHub\ROCKSATX_2018\CAD\Mechanical\PDR\holderhalf2464647
! SUMMARY-   
! SUMMARY-  Summary of Unigraphics Part Entities
! SUMMARY-   
! SUMMARY-  Entities Processed             Count
! SUMMARY-  ------------------             -----
! SUMMARY-  Solid .......................:     1
! SUMMARY-                                 -----
! SUMMARY-  Total                              1
! STATUS-   Creating the UG part (Phase 3 of 3): 10-NOV-2017  3:47:46 PM
! STATUS-    
! STATUS-   Creating UG solid body from Input Ent Id 4051
! STATUS-    
! STATUS-   simplifying Bsplines to analytics
! STATUS-    
! STATUS-   converting tolerant edges into exact edges
! STATUS-    
! STATUS-   doing final check of body to report any faults
! STATUS-    
! INFO-     Filing Part ..: C:\Users\jabbo\OneDrive\Documents\GitHub\ROCKSATX_2018\CAD\Mechanical\PDR\holderhalf463646
! SUMMARY-   
! SUMMARY-  Summary of Unigraphics Part Entities
! SUMMARY-   
! SUMMARY-  Entities Processed             Count
! SUMMARY-  ------------------             -----
! SUMMARY-  Solid .......................:     1
! SUMMARY-                                 -----
! SUMMARY-  Total                              1
! STATUS-   Creating the UG part (Phase 3 of 3): 10-NOV-2017  3:47:46 PM
! STATUS-    
! STATUS-   Creating UG solid body from Input Ent Id 4052
! STATUS-    
! STATUS-   simplifying Bsplines to analytics
! STATUS-    
! STATUS-   converting tolerant edges into exact edges
! STATUS-    
! STATUS-   doing final check of body to report any faults
! STATUS-    
! INFO-     Filing Part ..: C:\Users\jabbo\OneDrive\Documents\GitHub\ROCKSATX_2018\CAD\Mechanical\PDR\link_arm645
! SUMMARY-   
! SUMMARY-  Summary of Unigraphics Part Entities
! SUMMARY-   
! SUMMARY-  Entities Processed             Count
! SUMMARY-  ------------------             -----
! SUMMARY-  Solid .......................:     1
! SUMMARY-                                 -----
! SUMMARY-  Total                              1
! STATUS-   Creating the UG part (Phase 3 of 3): 10-NOV-2017  3:47:46 PM
! STATUS-    
! STATUS-   Creating UG solid body from Input Ent Id 4053
! STATUS-    
! STATUS-   simplifying Bsplines to analytics
! STATUS-    
! STATUS-   converting tolerant edges into exact edges
! STATUS-    
! STATUS-   doing final check of body to report any faults
! STATUS-    
! INFO-     Filing Part ..: C:\Users\jabbo\OneDrive\Documents\GitHub\ROCKSATX_2018\CAD\Mechanical\PDR\shaker_disk644
! SUMMARY-   
! SUMMARY-  Summary of Unigraphics Part Entities
! SUMMARY-   
! SUMMARY-  Entities Processed             Count
! SUMMARY-  ------------------             -----
! SUMMARY-  Solid .......................:     1
! SUMMARY-                                 -----
! SUMMARY-  Total                              1
! STATUS-   Creating the UG part (Phase 3 of 3): 10-NOV-2017  3:47:47 PM
! STATUS-    
! STATUS-   Creating UG solid body from Input Ent Id 4054
! STATUS-    
! STATUS-   simplifying Bsplines to analytics
! STATUS-    
! STATUS-   converting tolerant edges into exact edges
! STATUS-    
! STATUS-   doing final check of body to report any faults
! STATUS-    
! INFO-     Filing Part ..: C:\Users\jabbo\OneDrive\Documents\GitHub\ROCKSATX_2018\CAD\Mechanical\PDR\Shaker_motor643
! SUMMARY-   
! SUMMARY-  Summary of Unigraphics Part Entities
! SUMMARY-   
! SUMMARY-  Entities Processed             Count
! SUMMARY-  ------------------             -----
! SUMMARY-  Solid .......................:     1
! SUMMARY-                                 -----
! SUMMARY-  Total                              1
! STATUS-   Creating the UG part (Phase 3 of 3): 10-NOV-2017  3:47:47 PM
! STATUS-    
! STATUS-   Creating UG solid body from Input Ent Id 4055
! STATUS-    
! STATUS-   simplifying Bsplines to analytics
! STATUS-    
! STATUS-   converting tolerant edges into exact edges
! STATUS-    
! STATUS-   doing final check of body to report any faults
! STATUS-    
! INFO-     Filing Part ..: C:\Users\jabbo\OneDrive\Documents\GitHub\ROCKSATX_2018\CAD\Mechanical\PDR\datalogger
! SUMMARY-   
! SUMMARY-  Summary of Unigraphics Part Entities
! SUMMARY-   
! SUMMARY-  Entities Processed             Count
! SUMMARY-  ------------------             -----
! SUMMARY-  Solid .......................:     1
! SUMMARY-                                 -----
! SUMMARY-  Total                              1
! STATUS-   Creating the UG part (Phase 3 of 3): 10-NOV-2017  3:47:47 PM
! STATUS-    
! STATUS-   Creating UG solid body from Input Ent Id 4056
! STATUS-    
! STATUS-   simplifying Bsplines to analytics
! STATUS-    
! STATUS-   converting tolerant edges into exact edges
! STATUS-    
! STATUS-   doing final check of body to report any faults
! STATUS-    
! STATUS-    
! STATUS-   Creating UG solid body from Input Ent Id 4057
! STATUS-    
! STATUS-   simplifying Bsplines to analytics
! STATUS-    
! STATUS-   converting tolerant edges into exact edges
! STATUS-    
! STATUS-   doing final check of body to report any faults
! STATUS-    
! INFO-     Filing Part ..: C:\Users\jabbo\OneDrive\Documents\GitHub\ROCKSATX_2018\CAD\Mechanical\PDR\RaspberryPiZeroW
! SUMMARY-   
! SUMMARY-  Summary of Unigraphics Part Entities
! SUMMARY-   
! SUMMARY-  Entities Processed             Count
! SUMMARY-  ------------------             -----
! SUMMARY-  Solid .......................:     2
! SUMMARY-                                 -----
! SUMMARY-  Total                              2
! STATUS-   Creating the UG part (Phase 3 of 3): 10-NOV-2017  3:47:47 PM
! STATUS-    
! STATUS-   Creating UG solid body from Input Ent Id 4058
! STATUS-    
! STATUS-   simplifying Bsplines to analytics
! STATUS-    
! STATUS-   converting tolerant edges into exact edges
! STATUS-    
! STATUS-   doing final check of body to report any faults
! STATUS-    
! INFO-     Filing Part ..: C:\Users\jabbo\OneDrive\Documents\GitHub\ROCKSATX_2018\CAD\Mechanical\PDR\siliconforpizeros
! SUMMARY-   
! SUMMARY-  Summary of Unigraphics Part Entities
! SUMMARY-   
! SUMMARY-  Entities Processed             Count
! SUMMARY-  ------------------             -----
! SUMMARY-  Solid .......................:     1
! SUMMARY-                                 -----
! SUMMARY-  Total                              1
! STATUS-   Creating the UG part (Phase 3 of 3): 10-NOV-2017  3:47:47 PM
! STATUS-    
! STATUS-   Creating UG solid body from Input Ent Id 4036
! STATUS-    
! STATUS-   simplifying Bsplines to analytics
! STATUS-    
! STATUS-   converting tolerant edges into exact edges
! STATUS-    
! STATUS-   doing final check of body to report any faults
! STATUS-    
! INFO-     Filing Part ..: C:\Users\jabbo\OneDrive\Documents\GitHub\ROCKSATX_2018\CAD\Mechanical\PDR\test_tube482639
! SUMMARY-   
! SUMMARY-  Summary of Unigraphics Part Entities
! SUMMARY-   
! SUMMARY-  Entities Processed             Count
! SUMMARY-  ------------------             -----
! SUMMARY-  Solid .......................:     1
! SUMMARY-                                 -----
! SUMMARY-  Total                              1
! STATUS-   Creating the UG part (Phase 3 of 3): 10-NOV-2017  3:47:48 PM
! STATUS-    
! STATUS-   Creating UG solid body from Input Ent Id 4037
! STATUS-    
! STATUS-   fixing vertex and/or edge off surface faults
! STATUS-    
! STATUS-   simplifying Bsplines to analytics
! STATUS-    
! STATUS-   converting tolerant edges into exact edges
! STATUS-    
! STATUS-   doing final check of body to report any faults
! STATUS-    
! INFO-     Filing Part ..: C:\Users\jabbo\OneDrive\Documents\GitHub\ROCKSATX_2018\CAD\Mechanical\PDR\slide rod481638
! SUMMARY-   
! SUMMARY-  Summary of Unigraphics Part Entities
! SUMMARY-   
! SUMMARY-  Entities Processed             Count
! SUMMARY-  ------------------             -----
! SUMMARY-  Solid .......................:     1
! SUMMARY-                                 -----
! SUMMARY-  Total                              1
! STATUS-   Creating the UG part (Phase 3 of 3): 10-NOV-2017  3:47:48 PM
! STATUS-    
! STATUS-   Creating UG solid body from Input Ent Id 4038
! STATUS-    
! STATUS-   simplifying Bsplines to analytics
! STATUS-    
! STATUS-   converting tolerant edges into exact edges
! STATUS-    
! STATUS-   doing final check of body to report any faults
! STATUS-    
! INFO-     Filing Part ..: C:\Users\jabbo\OneDrive\Documents\GitHub\ROCKSATX_2018\CAD\Mechanical\PDR\rod_holder480637
! SUMMARY-   
! SUMMARY-  Summary of Unigraphics Part Entities
! SUMMARY-   
! SUMMARY-  Entities Processed             Count
! SUMMARY-  ------------------             -----
! SUMMARY-  Solid .......................:     1
! SUMMARY-                                 -----
! SUMMARY-  Total                              1
! STATUS-   Creating the UG part (Phase 3 of 3): 10-NOV-2017  3:47:48 PM
! STATUS-    
! STATUS-   Creating UG solid body from Input Ent Id 4039
! STATUS-    
! STATUS-   simplifying Bsplines to analytics
! STATUS-    
! STATUS-   converting tolerant edges into exact edges
! STATUS-    
! STATUS-   doing final check of body to report any faults
! STATUS-    
! INFO-     Filing Part ..: C:\Users\jabbo\OneDrive\Documents\GitHub\ROCKSATX_2018\CAD\Mechanical\PDR\siliconbacking636
! SUMMARY-   
! SUMMARY-  Summary of Unigraphics Part Entities
! SUMMARY-   
! SUMMARY-  Entities Processed             Count
! SUMMARY-  ------------------             -----
! SUMMARY-  Solid .......................:     1
! SUMMARY-                                 -----
! SUMMARY-  Total                              1
! STATUS-   Creating the UG part (Phase 3 of 3): 10-NOV-2017  3:47:48 PM
! STATUS-    
! STATUS-   Creating UG solid body from Input Ent Id 4045
! STATUS-    
! STATUS-   simplifying Bsplines to analytics
! STATUS-    
! STATUS-   converting tolerant edges into exact edges
! STATUS-    
! STATUS-   doing final check of body to report any faults
! STATUS-    
! INFO-     Filing Part ..: C:\Users\jabbo\OneDrive\Documents\GitHub\ROCKSATX_2018\CAD\Mechanical\PDR\RasPi_Camera_Board489635
! SUMMARY-   
! SUMMARY-  Summary of Unigraphics Part Entities
! SUMMARY-   
! SUMMARY-  Entities Processed             Count
! SUMMARY-  ------------------             -----
! SUMMARY-  Solid .......................:     1
! SUMMARY-                                 -----
! SUMMARY-  Total                              1
! STATUS-   Creating the UG part (Phase 3 of 3): 10-NOV-2017  3:47:48 PM
! STATUS-    
! STATUS-   Creating UG solid body from Input Ent Id 4047
! STATUS-    
! STATUS-   simplifying Bsplines to analytics
! STATUS-    
! STATUS-   converting tolerant edges into exact edges
! STATUS-    
! STATUS-   doing final check of body to report any faults
! STATUS-    
! INFO-     Filing Part ..: C:\Users\jabbo\OneDrive\Documents\GitHub\ROCKSATX_2018\CAD\Mechanical\PDR\End Effector V3479634
! SUMMARY-   
! SUMMARY-  Summary of Unigraphics Part Entities
! SUMMARY-   
! SUMMARY-  Entities Processed             Count
! SUMMARY-  ------------------             -----
! SUMMARY-  Solid .......................:     1
! SUMMARY-                                 -----
! SUMMARY-  Total                              1
! STATUS-   Creating the UG part (Phase 3 of 3): 10-NOV-2017  3:47:48 PM
! STATUS-    
! STATUS-   Creating UG solid body from Input Ent Id 4048
! STATUS-    
! STATUS-   simplifying Bsplines to analytics
! STATUS-    
! STATUS-   converting tolerant edges into exact edges
! STATUS-    
! STATUS-   doing final check of body to report any faults
! STATUS-    
! INFO-     Filing Part ..: C:\Users\jabbo\OneDrive\Documents\GitHub\ROCKSATX_2018\CAD\Mechanical\PDR\Pitch Motor Housing V281478633
! SUMMARY-   
! SUMMARY-  Summary of Unigraphics Part Entities
! SUMMARY-   
! SUMMARY-  Entities Processed             Count
! SUMMARY-  ------------------             -----
! SUMMARY-  Solid .......................:     1
! SUMMARY-                                 -----
! SUMMARY-  Total                              1
! STATUS-   Creating the UG part (Phase 3 of 3): 10-NOV-2017  3:47:48 PM
! STATUS-    
! STATUS-   Creating UG solid body from Input Ent Id 4049
! STATUS-    
! STATUS-   simplifying Bsplines to analytics
! STATUS-    
! STATUS-   converting tolerant edges into exact edges
! STATUS-    
! STATUS-   doing final check of body to report any faults
! STATUS-    
! INFO-     Filing Part ..: C:\Users\jabbo\OneDrive\Documents\GitHub\ROCKSATX_2018\CAD\Mechanical\PDR\Motor End Cover444632
! SUMMARY-   
! SUMMARY-  Summary of Unigraphics Part Entities
! SUMMARY-   
! SUMMARY-  Entities Processed             Count
! SUMMARY-  ------------------             -----
! SUMMARY-  Solid .......................:     1
! SUMMARY-                                 -----
! SUMMARY-  Total                              1
! STATUS-   Creating the UG part (Phase 3 of 3): 10-NOV-2017  3:47:49 PM
! STATUS-    
! STATUS-   Creating UG solid body from Input Ent Id 4050
! STATUS-    
! STATUS-   fixing vertex and/or edge off surface faults
! STATUS-    
! STATUS-   simplifying Bsplines to analytics
! STATUS-    
! STATUS-   converting tolerant edges into exact edges
! STATUS-    
! STATUS-   doing final check of body to report any faults
! STATUS-    
! INFO-     Filing Part ..: C:\Users\jabbo\OneDrive\Documents\GitHub\ROCKSATX_2018\CAD\Mechanical\PDR\Central Housing445631
! SUMMARY-   
! SUMMARY-  Summary of Unigraphics Part Entities
! SUMMARY-   
! SUMMARY-  Entities Processed             Count
! SUMMARY-  ------------------             -----
! SUMMARY-  Solid .......................:     1
! SUMMARY-                                 -----
! SUMMARY-  Total                              1
! STATUS-   Creating the UG part (Phase 3 of 3): 10-NOV-2017  3:47:49 PM
! STATUS-    
! STATUS-   Creating UG solid body from Input Ent Id 4034
! STATUS-    
! STATUS-   simplifying Bsplines to analytics
! STATUS-    
! STATUS-   converting tolerant edges into exact edges
! STATUS-    
! STATUS-   doing final check of body to report any faults
! STATUS-    
! INFO-     Filing Part ..: C:\Users\jabbo\OneDrive\Documents\GitHub\ROCKSATX_2018\CAD\Mechanical\PDR\bearing holder473630
! SUMMARY-   
! SUMMARY-  Summary of Unigraphics Part Entities
! SUMMARY-   
! SUMMARY-  Entities Processed             Count
! SUMMARY-  ------------------             -----
! SUMMARY-  Solid .......................:     1
! SUMMARY-                                 -----
! SUMMARY-  Total                              1
! STATUS-   Creating the UG part (Phase 3 of 3): 10-NOV-2017  3:47:49 PM
! STATUS-    
! STATUS-   Creating UG solid body from Input Ent Id 4035
! STATUS-    
! STATUS-   fixing vertex off curve and/or edge reversed faults
! STATUS-    
! STATUS-   fixing vertex and/or edge off surface faults
! STATUS-    
! STATUS-   simplifying Bsplines to analytics
! STATUS-    
! STATUS-   converting tolerant edges into exact edges
! STATUS-    
! STATUS-   doing final check of body to report any faults
! STATUS-    
! INFO-     Filing Part ..: C:\Users\jabbo\OneDrive\Documents\GitHub\ROCKSATX_2018\CAD\Mechanical\PDR\tubeholderbase2472629
! SUMMARY-   
! SUMMARY-  Summary of Unigraphics Part Entities
! SUMMARY-   
! SUMMARY-  Entities Processed             Count
! SUMMARY-  ------------------             -----
! SUMMARY-  Solid .......................:     1
! SUMMARY-                                 -----
! SUMMARY-  Total                              1
! STATUS-   Creating the UG part (Phase 3 of 3): 10-NOV-2017  3:47:49 PM
! STATUS-    
! STATUS-   Creating UG solid body from Input Ent Id 4040
! STATUS-    
! STATUS-   simplifying Bsplines to analytics
! STATUS-    
! STATUS-   converting tolerant edges into exact edges
! STATUS-    
! STATUS-   doing final check of body to report any faults
! STATUS-    
! STATUS-    
! STATUS-   Creating UG solid body from Input Ent Id 4041
! STATUS-    
! STATUS-   simplifying Bsplines to analytics
! STATUS-    
! STATUS-   converting tolerant edges into exact edges
! STATUS-    
! STATUS-   doing final check of body to report any faults
! STATUS-    
! INFO-     Filing Part ..: C:\Users\jabbo\OneDrive\Documents\GitHub\ROCKSATX_2018\CAD\Mechanical\PDR\OVA5647_Pigtail486628
! SUMMARY-   
! SUMMARY-  Summary of Unigraphics Part Entities
! SUMMARY-   
! SUMMARY-  Entities Processed             Count
! SUMMARY-  ------------------             -----
! SUMMARY-  Solid .......................:     2
! SUMMARY-                                 -----
! SUMMARY-  Total                              2
! STATUS-   Creating the UG part (Phase 3 of 3): 10-NOV-2017  3:47:49 PM
! STATUS-    
! STATUS-   Creating UG solid body from Input Ent Id 4042
! STATUS-    
! STATUS-   simplifying Bsplines to analytics
! STATUS-    
! STATUS-   converting tolerant edges into exact edges
! STATUS-    
! STATUS-   doing final check of body to report any faults
! STATUS-    
! INFO-     Filing Part ..: C:\Users\jabbo\OneDrive\Documents\GitHub\ROCKSATX_2018\CAD\Mechanical\PDR\OVA5647_IR-Glas485627
! SUMMARY-   
! SUMMARY-  Summary of Unigraphics Part Entities
! SUMMARY-   
! SUMMARY-  Entities Processed             Count
! SUMMARY-  ------------------             -----
! SUMMARY-  Solid .......................:     1
! SUMMARY-                                 -----
! SUMMARY-  Total                              1
! STATUS-   Creating the UG part (Phase 3 of 3): 10-NOV-2017  3:47:49 PM
! STATUS-    
! STATUS-   Creating UG solid body from Input Ent Id 4043
! STATUS-    
! STATUS-   simplifying Bsplines to analytics
! STATUS-    
! STATUS-   converting tolerant edges into exact edges
! STATUS-    
! STATUS-   doing final check of body to report any faults
! STATUS-    
! INFO-     Filing Part ..: C:\Users\jabbo\OneDrive\Documents\GitHub\ROCKSATX_2018\CAD\Mechanical\PDR\OVA5647_Housing484626
! SUMMARY-   
! SUMMARY-  Summary of Unigraphics Part Entities
! SUMMARY-   
! SUMMARY-  Entities Processed             Count
! SUMMARY-  ------------------             -----
! SUMMARY-  Solid .......................:     1
! SUMMARY-                                 -----
! SUMMARY-  Total                              1
! STATUS-   Creating the UG part (Phase 3 of 3): 10-NOV-2017  3:47:50 PM
! STATUS-    
! STATUS-   Creating UG solid body from Input Ent Id 4044
! STATUS-    
! STATUS-   simplifying Bsplines to analytics
! STATUS-    
! STATUS-   converting tolerant edges into exact edges
! STATUS-    
! STATUS-   doing final check of body to report any faults
! STATUS-    
! INFO-     Filing Part ..: C:\Users\jabbo\OneDrive\Documents\GitHub\ROCKSATX_2018\CAD\Mechanical\PDR\OVA5647483625
! SUMMARY-   
! SUMMARY-  Summary of Unigraphics Part Entities
! SUMMARY-   
! SUMMARY-  Entities Processed             Count
! SUMMARY-  ------------------             -----
! SUMMARY-  Solid .......................:     1
! SUMMARY-                                 -----
! SUMMARY-  Total                              1
! STATUS-   Creating the UG part (Phase 3 of 3): 10-NOV-2017  3:47:50 PM
! INFO-     Filing Part ..: C:\Users\jabbo\OneDrive\Documents\GitHub\ROCKSATX_2018\CAD\Mechanical\PDR\SCAMP To Scale_stp455653
! SUMMARY-   
! SUMMARY-  Summary of Unigraphics Part Entities
! SUMMARY-   
! SUMMARY-  Entities Processed             Count
! SUMMARY-  ------------------             -----
! SUMMARY-  Component ...................:     4
! SUMMARY-                                 -----
! SUMMARY-  Total                              4
! STATUS-   Creating the UG part (Phase 3 of 3): 10-NOV-2017  3:47:50 PM
! INFO-     Filing Part ..: C:\Users\jabbo\OneDrive\Documents\GitHub\ROCKSATX_2018\CAD\Mechanical\PDR\OVA5647_FOV504654
! SUMMARY-   
! SUMMARY-  Summary of Unigraphics Part Entities
! SUMMARY-   
! SUMMARY-  Entities Processed             Count
! SUMMARY-  ------------------             -----
! SUMMARY-  Component ...................:     4
! SUMMARY-                                 -----
! SUMMARY-  Total                              4
! STATUS-   Creating the UG part (Phase 3 of 3): 10-NOV-2017  3:47:50 PM
! INFO-     Filing Part ..: C:\Users\jabbo\OneDrive\Documents\GitHub\ROCKSATX_2018\CAD\Mechanical\PDR\PiCamwithsilicon655
! SUMMARY-   
! SUMMARY-  Summary of Unigraphics Part Entities
! SUMMARY-   
! SUMMARY-  Entities Processed             Count
! SUMMARY-  ------------------             -----
! SUMMARY-  Component ...................:     3
! SUMMARY-                                 -----
! SUMMARY-  Total                              3
! STATUS-   Creating the UG part (Phase 3 of 3): 10-NOV-2017  3:47:51 PM
! INFO-     Filing Part ..: C:\Users\jabbo\OneDrive\Documents\GitHub\ROCKSATX_2018\CAD\Mechanical\PDR\tubeholder491656
! SUMMARY-   
! SUMMARY-  Summary of Unigraphics Part Entities
! SUMMARY-   
! SUMMARY-  Entities Processed             Count
! SUMMARY-  ------------------             -----
! SUMMARY-  Component ...................:     5
! SUMMARY-                                 -----
! SUMMARY-  Total                              5
! STATUS-   Creating the UG part (Phase 3 of 3): 10-NOV-2017  3:47:51 PM
! INFO-     Filing Part ..: C:\Users\jabbo\OneDrive\Documents\GitHub\ROCKSATX_2018\CAD\Mechanical\PDR\shakerwithrods369492657
! SUMMARY-   
! SUMMARY-  Summary of Unigraphics Part Entities
! SUMMARY-   
! SUMMARY-  Entities Processed             Count
! SUMMARY-  ------------------             -----
! SUMMARY-  Component ...................:     8
! SUMMARY-                                 -----
! SUMMARY-  Total                              8
! STATUS-   Creating the UG part (Phase 3 of 3): 10-NOV-2017  3:47:51 PM
! INFO-     Filing Part ..: C:\Users\jabbo\OneDrive\Documents\GitHub\ROCKSATX_2018\CAD\Mechanical\PDR\platelayoutCOMPDRV3_stp.prt
! SUMMARY-   
! SUMMARY-  Summary of Unigraphics Part Entities
! SUMMARY-   
! SUMMARY-  Entities Processed             Count
! SUMMARY-  ------------------             -----
! SUMMARY-  Component ...................:    33
! SUMMARY-                                 -----
! SUMMARY-  Total                             33
! INFO-      
! INFO-     Total number of solids input for this translation       :        30
! INFO-      
! INFO-     Number of solids created without body validation faults :        30
! INFO-      
! INFO-     Number of solids created with body validation fault(s)  :         0
! INFO-      
! INFO-     Number of solids ending up as sheet bodies              :         0
! INFO-      
! INFO-     End of Translation: 10-NOV-2017  3:47:51 PM
! INFO-      
